#
# A fatal error has been detected by the Java Runtime Environment:
#
#  EXCEPTION_ACCESS_VIOLATION (0xc0000005) at pc=0x00007ff968fe98a0, pid=744, tid=14456
#
# JRE version: OpenJDK Runtime Environment (25.0.2+10) (build 25.0.2+10-69)
# Java VM: OpenJDK 64-Bit Server VM (25.0.2+10-69, mixed mode, sharing, tiered, compressed oops, compressed class ptrs, g1 gc, windows-amd64)
# Problematic frame:
# C  [igxelpicd64.dll+0xa798a0]
#
# No core dump will be written. Minidumps are not enabled by default on client versions of Windows
#
# If you would like to submit a bug report, please visit:
#   https://bugreport.java.com/bugreport/crash.jsp
# The crash happened outside the Java Virtual Machine in native code.
# See problematic frame for where to report the bug.
#

---------------  S U M M A R Y ------------

Command Line: -javaagent:C:\Program Files\JetBrains\IntelliJ IDEA 2025.3.2\lib\idea_rt.jar=54741 -Dfile.encoding=UTF-8 -Dsun.stdout.encoding=UTF-8 -Dsun.stderr.encoding=UTF-8 main.Main

Host: 11th Gen Intel(R) Core(TM) i5-1135G7 @ 2.40GHz, 8 cores, 15G,  Windows 11 , 64 bit Build 26100 (10.0.26100.7309)
Time: Mon Feb 23 12:49:21 2026 Central Europe Standard Time elapsed time: 2.740705 seconds (0d 0h 0m 2s)

---------------  T H R E A D  ---------------

Current thread (0x0000013bacb20ae0):  JavaThread "Finalizer" daemon [_thread_in_native, id=14456, stack(0x0000002590d00000,0x0000002590e00000) (1024K)]

Stack: [0x0000002590d00000,0x0000002590e00000],  sp=0x0000002590dfedf8,  free space=1019k
Native frames: (J=compiled Java code, j=interpreted, Vv=VM code, C=native code)
C  [igxelpicd64.dll+0xa798a0]  (no source info available)

Java frames: (J=compiled Java code, j=interpreted, Vv=VM code)
j  org.jsfml.window.Context.nativeDelete()V+0
j  org.jsfml.internal.SFMLNativeObject.finalize()V+17
j  java.lang.System$1.invokeFinalize(Ljava/lang/Object;)V+1 java.base@25.0.2
j  java.lang.ref.Finalizer.runFinalizer(Ljdk/internal/access/JavaLangAccess;)V+115 java.base@25.0.2
j  java.lang.ref.Finalizer$FinalizerThread.run()V+29 java.base@25.0.2
v  ~StubRoutines::call_stub 0x0000013b9d3212ed

siginfo: EXCEPTION_ACCESS_VIOLATION (0xc0000005), reading address 0x0000000000031778


Registers:
RAX=0x0000000000000000, RBX=0x0000000000000000, RCX=0x0000000000031750, RDX=0x0000013b8b040340
RSP=0x0000002590dfedf8, RBP=0x0000013bb1a7d170, RSI=0x0000013bb679acc0, RDI=0x0000000000000000
R8 =0x7ffffffffffffffc, R9 =0x00007ff9692459b2, R10=0x00007ff968570000, R11=0x0000002590dfebb0
R12=0x0000000000000000, R13=0x0000013bad4531d0, R14=0x00007ff41e1a0000, R15=0x0000013bacb20a00
RIP=0x00007ff968fe98a0, EFLAGS=0x0000000000010202

XMM[0]=0x0000000000000000 0x0000000000000000
XMM[1]=0x0000000000000000 0x0000000000000000
XMM[2]=0x0000000000000000 0x0000000000000000
XMM[3]=0x0000000000000000 0x0000000000000000
XMM[4]=0x0000000000000000 0x0000000000000000
XMM[5]=0x0000000000000000 0x0000000000000000
XMM[6]=0x0000000000000000 0x0000000000000000
XMM[7]=0x0000000000000000 0x0000000000000000
XMM[8]=0x0000000000000000 0x0000000000000000
XMM[9]=0x0000000000000000 0x0000000000000000
XMM[10]=0x0000000000000000 0x0000000000000000
XMM[11]=0x0000000000000000 0x0000000000000000
XMM[12]=0x0000000000000000 0x0000000000000000
XMM[13]=0x0000000000000000 0x0000000000000000
XMM[14]=0x0000000000000000 0x0000000000000000
XMM[15]=0x0000000000000000 0x0000000000000000
  MXCSR=0x00001fa0


Register to memory mapping:

RAX=0x0 is null
RBX=0x0 is null
RCX=0x0000000000031750 is an unknown value
RDX=0x0000013b8b040340 points into unknown readable memory: 0x0000013bb1376320 | 20 63 37 b1 3b 01 00 00
RSP=0x0000002590dfedf8 is pointing into the stack for thread: 0x0000013bacb20ae0
RBP=0x0000013bb1a7d170 points into unknown readable memory: 0x0000013bb1a6dd40 | 40 dd a6 b1 3b 01 00 00
RSI=0x0000013bb679acc0 points into unknown readable memory: 0x0000013bb6a7cd40 | 40 cd a7 b6 3b 01 00 00
RDI=0x0 is null
R8 =0x7ffffffffffffffc is an unknown value
R9 =0x00007ff9692459b2 igxelpicd64.dll
R10=0x00007ff968570000 igxelpicd64.dll
R11=0x0000002590dfebb0 is pointing into the stack for thread: 0x0000013bacb20ae0
R12=0x0 is null
R13=0x0000013bad4531d0 is pointing into metadata
R14=0x00007ff41e1a0000 points into unknown readable memory: 0x0000000000000000 | 00 00 00 00 00 00 00 00
R15=0x0000013bacb20a00 points into unknown readable memory: 0x0000000000000000 | 00 00 00 00 00 00 00 00

Top of Stack: (sp=0x0000002590dfedf8)
0x0000002590dfedf8:   00007ff9687a2f0e 0000000000000002   ./zh............
0x0000002590dfee08:   0000000000000068 0000000000000028   h.......(.......
0x0000002590dfee18:   0000000000000000 00007ff41e1a0000   ................
0x0000002590dfee28:   00007ffa04c32039 0000013bacb20ae0   9 ..........;...
0x0000002590dfee38:   0000000000000000 0000013bb1bd1590   ............;...
0x0000002590dfee48:   00007ff9ea534c83 0000000000000005   .LS.............
0x0000002590dfee58:   0000002590dff008 0000000000000001   ....%...........
0x0000002590dfee68:   0000000000000000 0000002590dff028   ........(...%...
0x0000002590dfee78:   00007ff9e01651ea 0000013bb1371cd0   .Q........7.;...
0x0000002590dfee88:   0000000000000000 0000013bb1371cd0   ..........7.;...
0x0000002590dfee98:   0000000000000000 0000000000000001   ................
0x0000002590dfeea8:   00007ff9e01652d4 0000000000000001   .R..............
0x0000002590dfeeb8:   00000000543c8d94 0000013bb1370000   ..<T......7.;...
0x0000002590dfeec8:   0000000000000000 000000000b1b83c8   ................
0x0000002590dfeed8:   00007ff9e0161e2a 0000013bb1da0fa0   *...........;...
0x0000002590dfeee8:   00007ff9e74212e4 0000002590dfef68   ..B.....h...%...
0x0000002590dfeef8:   000000000b1b83c8 fffffffffffffffe   ................
0x0000002590dfef08:   0000002590dff028 000000000b1b83c8   (...%...........
0x0000002590dfef18:   00007ff9e01623dd 0000013bb1da0fa0   .#..........;...
0x0000002590dfef28:   0000013bb1da0fa0 000000000000001c   ....;...........
0x0000002590dfef38:   0000013bacb20ae0 fffffffffffffffe   ....;...........
0x0000002590dfef48:   0000013bacb20ae0 0000013bb1da0fa0   ....;.......;...
0x0000002590dfef58:   00007ff9c857a1ff 0000013bb1da0fa0   ..W.........;...
0x0000002590dfef68:   00007ff9e016f218 0000013bad4531d8   .........1E.;...
0x0000002590dfef78:   0000000000000000 0000013bad4531d8   .........1E.;...
0x0000002590dfef88:   0000013b9d32d2b3 0000002590dfeff8   ..2.;.......%...
0x0000002590dfef98:   0000013bad4531d8 0000000000000000   .1E.;...........
0x0000002590dfefa8:   0000000711e32f88 0000000712000078   ./......x.......
0x0000002590dfefb8:   0000013b9d32cf8b fffffffffffffff7   ..2.;...........
0x0000002590dfefc8:   0000013bad4531d0 0000000000000004   .1E.;...........
0x0000002590dfefd8:   0000013bad4535e8 0000000000000000   .5E.;...........
0x0000002590dfefe8:   00000007120e3860 0000013bad4531d8   `8.......1E.;...

Instructions: (pc=0x00007ff968fe98a0)
  0x00007ff968fe97a0:   45 33 c0 c6 05 db 36 91 00 01 48 8d 42 14 4c 8b
  0x00007ff968fe97b0:   ca 4c 8d 15 b8 36 91 00 4c 3b d0 77 2b 48 8d 05
  0x00007ff968fe97c0:   c0 36 91 00 48 3b c2 72 1f 4d 2b ca 0f 1f 40 00
  0x00007ff968fe97d0:   4b 8d 14 10 49 ff c0 41 0f b6 0c 11 88 0a 49 83
  0x00007ff968fe97e0:   f8 15 72 ec 49 8b c2 c3 0f 10 02 0f 29 05 7e 36
  0x00007ff968fe97f0:   91 00 8b 42 10 89 05 85 36 91 00 0f b6 42 14 88
  0x00007ff968fe9800:   05 7f 36 91 00 49 8b c2 c3 cc cc cc cc cc cc cc
  0x00007ff968fe9810:   45 33 c0 c6 05 8d 36 91 00 01 48 8d 42 16 4c 8b
  0x00007ff968fe9820:   ca 4c 8d 15 68 36 91 00 4c 3b d0 77 2b 48 8d 05
  0x00007ff968fe9830:   72 36 91 00 48 3b c2 72 1f 4d 2b ca 0f 1f 40 00
  0x00007ff968fe9840:   4b 8d 14 10 49 ff c0 41 0f b6 0c 11 88 0a 49 83
  0x00007ff968fe9850:   f8 17 72 ec 49 8b c2 c3 0f 10 02 0f 29 05 2e 36
  0x00007ff968fe9860:   91 00 8b 42 10 89 05 35 36 91 00 0f b7 42 14 66
  0x00007ff968fe9870:   89 05 2e 36 91 00 0f b6 42 16 88 05 26 36 91 00
  0x00007ff968fe9880:   49 8b c2 c3 cc cc cc cc cc cc cc cc cc cc cc cc
  0x00007ff968fe9890:   e9 bb 04 00 00 cc cc cc cc cc cc cc cc cc cc cc
=>0x00007ff968fe98a0:   48 8b 41 28 48 39 41 30 0f 85 b2 9e 02 00 c3 cc
  0x00007ff968fe98b0:   40 53 48 83 ec 20 8b 05 3c 91 90 00 b9 20 00 00
  0x00007ff968fe98c0:   00 48 8d 1c c5 00 00 00 00 65 48 8b 04 25 58 00
  0x00007ff968fe98d0:   00 00 48 8b 04 18 80 3c 01 00 75 05 e8 87 b7 f5
  0x00007ff968fe98e0:   ff 65 48 8b 04 25 58 00 00 00 b9 48 00 00 00 48
  0x00007ff968fe98f0:   8b 04 18 0f b6 04 08 48 83 c4 20 5b c3 cc cc cc
  0x00007ff968fe9900:   48 89 5c 24 10 57 48 83 ec 50 48 8b 05 ef ec 7f
  0x00007ff968fe9910:   00 48 33 c4 48 89 44 24 48 48 8b f9 48 8b 15 7d
  0x00007ff968fe9920:   06 80 00 83 ba 78 12 00 00 01 74 05 0f 57 c0 eb
  0x00007ff968fe9930:   4c 80 79 3a 00 75 41 48 8b 92 a0 12 00 00 48 8d
  0x00007ff968fe9940:   4c 24 28 e8 1c 57 5a ff 90 48 8d 54 24 20 48 8d
  0x00007ff968fe9950:   4c 24 28 e8 68 9f 7b ff 0f b6 d8 48 8d 4c 24 28
  0x00007ff968fe9960:   e8 db 61 5a ff 84 db 74 0b f3 0f 10 44 24 20 f3
  0x00007ff968fe9970:   0f 11 47 44 c6 47 3a 01 f3 0f 10 47 44 48 8b 4c
  0x00007ff968fe9980:   24 48 48 33 cc e8 26 b1 f5 ff 48 8b 5c 24 68 48
  0x00007ff968fe9990:   83 c4 50 5f c3 48 8d 8a 28 00 00 00 e9 7f 61 5a


Stack slot to memory mapping:

stack at sp + 0 slots: 0x00007ff9687a2f0e igxelpicd64.dll
stack at sp + 1 slots: 0x0000000000000002 is an unknown value
stack at sp + 2 slots: 0x0000000000000068 is an unknown value
stack at sp + 3 slots: 0x0000000000000028 is an unknown value
stack at sp + 4 slots: 0x0 is null
stack at sp + 5 slots: 0x00007ff41e1a0000 points into unknown readable memory: 0x0000000000000000 | 00 00 00 00 00 00 00 00
stack at sp + 6 slots: 0x00007ffa04c32039 USER32.dll
stack at sp + 7 slots: 0x0000013bacb20ae0 is a thread

Lock stack of current Java thread (top to bottom):


---------------  P R O C E S S  ---------------

Threads class SMR info:
_java_thread_list=0x0000013bb6d80b20, length=18, elements={
0x0000013bacb1f310, 0x0000013bacb20ae0, 0x0000013bacb24390, 0x0000013bacb24f50,
0x0000013bacb25b10, 0x0000013bacb266d0, 0x0000013bacb2b5e0, 0x0000013bacb33c90,
0x0000013bacd3de40, 0x0000013bacd2c2a0, 0x0000013bacd2ca60, 0x0000013bb154e2e0,
0x0000013bb154eaa0, 0x0000013bb18c3ad0, 0x0000013bb1936fb0, 0x0000013bb19d46e0,
0x0000013bb18c9ae0, 0x0000013bb192e6b0
}

Java Threads: ( => current thread )
  0x0000013bacb1f310 JavaThread "Reference Handler"          daemon [_thread_blocked, id=11064, stack(0x0000002590c00000,0x0000002590d00000) (1024K)]
=>0x0000013bacb20ae0 JavaThread "Finalizer"                  daemon [_thread_in_native, id=14456, stack(0x0000002590d00000,0x0000002590e00000) (1024K)]
  0x0000013bacb24390 JavaThread "Signal Dispatcher"          daemon [_thread_blocked, id=6236, stack(0x0000002590e00000,0x0000002590f00000) (1024K)]
  0x0000013bacb24f50 JavaThread "Attach Listener"            daemon [_thread_blocked, id=12580, stack(0x0000002590f00000,0x0000002591000000) (1024K)]
  0x0000013bacb25b10 JavaThread "Service Thread"             daemon [_thread_blocked, id=13880, stack(0x0000002591000000,0x0000002591100000) (1024K)]
  0x0000013bacb266d0 JavaThread "Monitor Deflation Thread"   daemon [_thread_blocked, id=16732, stack(0x0000002591100000,0x0000002591200000) (1024K)]
  0x0000013bacb2b5e0 JavaThread "C2 CompilerThread0"         daemon [_thread_blocked, id=18608, stack(0x0000002591200000,0x0000002591300000) (1024K)]
  0x0000013bacb33c90 JavaThread "C1 CompilerThread0"         daemon [_thread_blocked, id=9536, stack(0x0000002591300000,0x0000002591400000) (1024K)]
  0x0000013bacd3de40 JavaThread "Common-Cleaner"             daemon [_thread_blocked, id=4912, stack(0x0000002591400000,0x0000002591500000) (1024K)]
  0x0000013bacd2c2a0 JavaThread "Monitor Ctrl-Break"         daemon [_thread_in_native, id=15976, stack(0x0000002591500000,0x0000002591600000) (1024K)]
  0x0000013bacd2ca60 JavaThread "Notification Thread"        daemon [_thread_blocked, id=2460, stack(0x0000002591600000,0x0000002591700000) (1024K)]
  0x0000013bb154e2e0 JavaThread "NetworkThread"                     [_thread_in_native, id=13240, stack(0x0000002591700000,0x0000002591800000) (1024K)]
  0x0000013bb154eaa0 JavaThread "CoreThread"                        [_thread_blocked, id=5932, stack(0x0000002591800000,0x0000002591900000) (1024K)]
  0x0000013bb18c3ad0 JavaThread "RMI TCP Accept-0"           daemon [_thread_in_native, id=6924, stack(0x0000002591b00000,0x0000002591c00000) (1024K)]
  0x0000013bb1936fb0 JavaThread "RMI TCP Connection(1)-88.200.64.248" daemon [_thread_in_native, id=4980, stack(0x0000002591e00000,0x0000002591f00000) (1024K)]
  0x0000013bb19d46e0 JavaThread "RMI Scheduler(0)"           daemon [_thread_blocked, id=5852, stack(0x0000002591c00000,0x0000002591d00000) (1024K)]
  0x0000013bb18c9ae0 JavaThread "JMX server connection timeout 39" daemon [_thread_blocked, id=11524, stack(0x0000002591d00000,0x0000002591e00000) (1024K)]
  0x0000013bb192e6b0 JavaThread "DestroyJavaVM"                     [_thread_blocked, id=10416, stack(0x0000002590400000,0x0000002590500000) (1024K)]
Total: 18

Other Threads:
  0x0000013bacb0b480 VMThread "VM Thread"                           [id=9584, stack(0x0000002590b00000,0x0000002590c00000) (1024K)]
  0x0000013bacafe550 WatcherThread "VM Periodic Task Thread"        [id=16156, stack(0x0000002590a00000,0x0000002590b00000) (1024K)]
  0x0000013b8d5c4890 WorkerThread "GC Thread#0"                     [id=4396, stack(0x0000002590500000,0x0000002590600000) (1024K)]
  0x0000013bb6f4b010 WorkerThread "GC Thread#1"                     [id=12408, stack(0x0000002592300000,0x0000002592400000) (1024K)]
  0x0000013bb6f4b440 WorkerThread "GC Thread#2"                     [id=13384, stack(0x0000002592500000,0x0000002592600000) (1024K)]
  0x0000013bb18f7d90 WorkerThread "GC Thread#3"                     [id=1640, stack(0x0000002592600000,0x0000002592700000) (1024K)]
  0x0000013bb18f81e0 WorkerThread "GC Thread#4"                     [id=1408, stack(0x0000002592700000,0x0000002592800000) (1024K)]
  0x0000013bb18f7940 WorkerThread "GC Thread#5"                     [id=11484, stack(0x0000002592800000,0x0000002592900000) (1024K)]
  0x0000013bb18f9770 WorkerThread "GC Thread#6"                     [id=15376, stack(0x0000002592900000,0x0000002592a00000) (1024K)]
  0x0000013bb18f8630 WorkerThread "GC Thread#7"                     [id=15140, stack(0x0000002592a00000,0x0000002592b00000) (1024K)]
  0x0000013b8d5dd420 ConcurrentGCThread "G1 Main Marker"            [id=4460, stack(0x0000002590600000,0x0000002590700000) (1024K)]
  0x0000013b8b3be290 WorkerThread "G1 Conc#0"                       [id=8680, stack(0x0000002590700000,0x0000002590800000) (1024K)]
  0x0000013b8d61ea60 ConcurrentGCThread "G1 Refine#0"               [id=3976, stack(0x0000002590800000,0x0000002590900000) (1024K)]
  0x0000013bac9ca830 ConcurrentGCThread "G1 Service"                [id=17704, stack(0x0000002590900000,0x0000002590a00000) (1024K)]
Total: 14

Threads with active compile tasks:
Total: 0

VM state: not at safepoint (normal execution)

VM Mutex/Monitor currently owned by a thread: None

Heap address: 0x0000000705600000, size: 4010 MB, Compressed Oops mode: Zero based, Oop shift amount: 3

CDS archive(s) mapped at: [0x000000000b000000-0x000000000bdd0000-0x000000000bdd0000), size 14483456, SharedBaseAddress: 0x000000000b000000, ArchiveRelocationMode: 1.
Compressed class space mapped at: 0x000000000c000000-0x000000004c000000, reserved size: 1073741824
UseCompressedClassPointers 1, UseCompactObjectHeaders 0
Narrow klass pointer bits 32, Max shift 3
Narrow klass base: 0x000000000b000000, Narrow klass shift: 0
Encoding Range: [0x000000000b000000 - 0x000000010b000000), (4294967296 bytes)
Klass Range:    [0x000000000b010000 - 0x000000004c000000), (1090453504 bytes)
Klass ID Range:  [65536 - 1090519033) (1090453497)
Protection zone: [0x000000000b000000 - 0x000000000b010000), (65536 bytes)

GC Precious Log:
 CardTable entry size: 512
 Card Set container configuration: InlinePtr #cards 4 size 8 Array Of Cards #cards 16 size 48 Howl #buckets 8 coarsen threshold 3686 Howl Bitmap #cards 512 size 80 coarsen threshold 460 Card regions per heap region 1 cards per card region 4096
 CPUs: 8 total, 8 available
 Memory: 16039M
 Large Page Support: Disabled
 NUMA Support: Disabled
 Compressed Oops: Enabled (Zero based)
 Heap Region Size: 2M
 Heap Min Capacity: 8M
 Heap Initial Capacity: 252M
 Heap Max Capacity: 4010M
 Pre-touch: Disabled
 Parallel Workers: 8
 Concurrent Workers: 2
 Concurrent Refinement Workers: 8
 Periodic GC: Disabled

Heap:
 garbage-first heap   total reserved 4106240K, committed 260096K, used 5563K [0x0000000705600000, 0x0000000800000000)
  region size 2048K, 4 young (8192K), 2 survivors (4096K)

Heap Regions: E=young(eden), S=young(survivor), O=old, HS=humongous(starts), HC=humongous(continues), CS=collection set, F=free, TAMS=top-at-mark-start, PB=parsable bottom
|   0|0x0000000705600000, 0x0000000705600000, 0x0000000705800000|  0%| F|  |TAMS 0x0000000705600000| PB 0x0000000705600000| Untracked |  0
|   1|0x0000000705800000, 0x0000000705800000, 0x0000000705a00000|  0%| F|  |TAMS 0x0000000705800000| PB 0x0000000705800000| Untracked |  0
|   2|0x0000000705a00000, 0x0000000705a00000, 0x0000000705c00000|  0%| F|  |TAMS 0x0000000705a00000| PB 0x0000000705a00000| Untracked |  0
|   3|0x0000000705c00000, 0x0000000705c00000, 0x0000000705e00000|  0%| F|  |TAMS 0x0000000705c00000| PB 0x0000000705c00000| Untracked |  0
|   4|0x0000000705e00000, 0x0000000705e00000, 0x0000000706000000|  0%| F|  |TAMS 0x0000000705e00000| PB 0x0000000705e00000| Untracked |  0
|   5|0x0000000706000000, 0x0000000706000000, 0x0000000706200000|  0%| F|  |TAMS 0x0000000706000000| PB 0x0000000706000000| Untracked |  0
|   6|0x0000000706200000, 0x0000000706200000, 0x0000000706400000|  0%| F|  |TAMS 0x0000000706200000| PB 0x0000000706200000| Untracked |  0
|   7|0x0000000706400000, 0x0000000706400000, 0x0000000706600000|  0%| F|  |TAMS 0x0000000706400000| PB 0x0000000706400000| Untracked |  0
|   8|0x0000000706600000, 0x0000000706600000, 0x0000000706800000|  0%| F|  |TAMS 0x0000000706600000| PB 0x0000000706600000| Untracked |  0
|   9|0x0000000706800000, 0x0000000706800000, 0x0000000706a00000|  0%| F|  |TAMS 0x0000000706800000| PB 0x0000000706800000| Untracked |  0
|  10|0x0000000706a00000, 0x0000000706a00000, 0x0000000706c00000|  0%| F|  |TAMS 0x0000000706a00000| PB 0x0000000706a00000| Untracked |  0
|  11|0x0000000706c00000, 0x0000000706c00000, 0x0000000706e00000|  0%| F|  |TAMS 0x0000000706c00000| PB 0x0000000706c00000| Untracked |  0
|  12|0x0000000706e00000, 0x0000000706e00000, 0x0000000707000000|  0%| F|  |TAMS 0x0000000706e00000| PB 0x0000000706e00000| Untracked |  0
|  13|0x0000000707000000, 0x0000000707000000, 0x0000000707200000|  0%| F|  |TAMS 0x0000000707000000| PB 0x0000000707000000| Untracked |  0
|  14|0x0000000707200000, 0x0000000707200000, 0x0000000707400000|  0%| F|  |TAMS 0x0000000707200000| PB 0x0000000707200000| Untracked |  0
|  15|0x0000000707400000, 0x0000000707400000, 0x0000000707600000|  0%| F|  |TAMS 0x0000000707400000| PB 0x0000000707400000| Untracked |  0
|  16|0x0000000707600000, 0x0000000707600000, 0x0000000707800000|  0%| F|  |TAMS 0x0000000707600000| PB 0x0000000707600000| Untracked |  0
|  17|0x0000000707800000, 0x0000000707800000, 0x0000000707a00000|  0%| F|  |TAMS 0x0000000707800000| PB 0x0000000707800000| Untracked |  0
|  18|0x0000000707a00000, 0x0000000707a00000, 0x0000000707c00000|  0%| F|  |TAMS 0x0000000707a00000| PB 0x0000000707a00000| Untracked |  0
|  19|0x0000000707c00000, 0x0000000707c00000, 0x0000000707e00000|  0%| F|  |TAMS 0x0000000707c00000| PB 0x0000000707c00000| Untracked |  0
|  20|0x0000000707e00000, 0x0000000707e00000, 0x0000000708000000|  0%| F|  |TAMS 0x0000000707e00000| PB 0x0000000707e00000| Untracked |  0
|  21|0x0000000708000000, 0x0000000708000000, 0x0000000708200000|  0%| F|  |TAMS 0x0000000708000000| PB 0x0000000708000000| Untracked |  0
|  22|0x0000000708200000, 0x0000000708200000, 0x0000000708400000|  0%| F|  |TAMS 0x0000000708200000| PB 0x0000000708200000| Untracked |  0
|  23|0x0000000708400000, 0x0000000708400000, 0x0000000708600000|  0%| F|  |TAMS 0x0000000708400000| PB 0x0000000708400000| Untracked |  0
|  24|0x0000000708600000, 0x0000000708600000, 0x0000000708800000|  0%| F|  |TAMS 0x0000000708600000| PB 0x0000000708600000| Untracked |  0
|  25|0x0000000708800000, 0x0000000708800000, 0x0000000708a00000|  0%| F|  |TAMS 0x0000000708800000| PB 0x0000000708800000| Untracked |  0
|  26|0x0000000708a00000, 0x0000000708a00000, 0x0000000708c00000|  0%| F|  |TAMS 0x0000000708a00000| PB 0x0000000708a00000| Untracked |  0
|  27|0x0000000708c00000, 0x0000000708c00000, 0x0000000708e00000|  0%| F|  |TAMS 0x0000000708c00000| PB 0x0000000708c00000| Untracked |  0
|  28|0x0000000708e00000, 0x0000000708e00000, 0x0000000709000000|  0%| F|  |TAMS 0x0000000708e00000| PB 0x0000000708e00000| Untracked |  0
|  29|0x0000000709000000, 0x0000000709000000, 0x0000000709200000|  0%| F|  |TAMS 0x0000000709000000| PB 0x0000000709000000| Untracked |  0
|  30|0x0000000709200000, 0x0000000709200000, 0x0000000709400000|  0%| F|  |TAMS 0x0000000709200000| PB 0x0000000709200000| Untracked |  0
|  31|0x0000000709400000, 0x0000000709400000, 0x0000000709600000|  0%| F|  |TAMS 0x0000000709400000| PB 0x0000000709400000| Untracked |  0
|  32|0x0000000709600000, 0x0000000709600000, 0x0000000709800000|  0%| F|  |TAMS 0x0000000709600000| PB 0x0000000709600000| Untracked |  0
|  33|0x0000000709800000, 0x0000000709800000, 0x0000000709a00000|  0%| F|  |TAMS 0x0000000709800000| PB 0x0000000709800000| Untracked |  0
|  34|0x0000000709a00000, 0x0000000709a00000, 0x0000000709c00000|  0%| F|  |TAMS 0x0000000709a00000| PB 0x0000000709a00000| Untracked |  0
|  35|0x0000000709c00000, 0x0000000709c00000, 0x0000000709e00000|  0%| F|  |TAMS 0x0000000709c00000| PB 0x0000000709c00000| Untracked |  0
|  36|0x0000000709e00000, 0x0000000709e00000, 0x000000070a000000|  0%| F|  |TAMS 0x0000000709e00000| PB 0x0000000709e00000| Untracked |  0
|  37|0x000000070a000000, 0x000000070a000000, 0x000000070a200000|  0%| F|  |TAMS 0x000000070a000000| PB 0x000000070a000000| Untracked |  0
|  38|0x000000070a200000, 0x000000070a200000, 0x000000070a400000|  0%| F|  |TAMS 0x000000070a200000| PB 0x000000070a200000| Untracked |  0
|  39|0x000000070a400000, 0x000000070a400000, 0x000000070a600000|  0%| F|  |TAMS 0x000000070a400000| PB 0x000000070a400000| Untracked |  0
|  40|0x000000070a600000, 0x000000070a600000, 0x000000070a800000|  0%| F|  |TAMS 0x000000070a600000| PB 0x000000070a600000| Untracked |  0
|  41|0x000000070a800000, 0x000000070a800000, 0x000000070aa00000|  0%| F|  |TAMS 0x000000070a800000| PB 0x000000070a800000| Untracked |  0
|  42|0x000000070aa00000, 0x000000070aa00000, 0x000000070ac00000|  0%| F|  |TAMS 0x000000070aa00000| PB 0x000000070aa00000| Untracked |  0
|  43|0x000000070ac00000, 0x000000070ac00000, 0x000000070ae00000|  0%| F|  |TAMS 0x000000070ac00000| PB 0x000000070ac00000| Untracked |  0
|  44|0x000000070ae00000, 0x000000070ae00000, 0x000000070b000000|  0%| F|  |TAMS 0x000000070ae00000| PB 0x000000070ae00000| Untracked |  0
|  45|0x000000070b000000, 0x000000070b000000, 0x000000070b200000|  0%| F|  |TAMS 0x000000070b000000| PB 0x000000070b000000| Untracked |  0
|  46|0x000000070b200000, 0x000000070b200000, 0x000000070b400000|  0%| F|  |TAMS 0x000000070b200000| PB 0x000000070b200000| Untracked |  0
|  47|0x000000070b400000, 0x000000070b400000, 0x000000070b600000|  0%| F|  |TAMS 0x000000070b400000| PB 0x000000070b400000| Untracked |  0
|  48|0x000000070b600000, 0x000000070b600000, 0x000000070b800000|  0%| F|  |TAMS 0x000000070b600000| PB 0x000000070b600000| Untracked |  0
|  49|0x000000070b800000, 0x000000070b800000, 0x000000070ba00000|  0%| F|  |TAMS 0x000000070b800000| PB 0x000000070b800000| Untracked |  0
|  50|0x000000070ba00000, 0x000000070ba00000, 0x000000070bc00000|  0%| F|  |TAMS 0x000000070ba00000| PB 0x000000070ba00000| Untracked |  0
|  51|0x000000070bc00000, 0x000000070bc00000, 0x000000070be00000|  0%| F|  |TAMS 0x000000070bc00000| PB 0x000000070bc00000| Untracked |  0
|  52|0x000000070be00000, 0x000000070be00000, 0x000000070c000000|  0%| F|  |TAMS 0x000000070be00000| PB 0x000000070be00000| Untracked |  0
|  53|0x000000070c000000, 0x000000070c000000, 0x000000070c200000|  0%| F|  |TAMS 0x000000070c000000| PB 0x000000070c000000| Untracked |  0
|  54|0x000000070c200000, 0x000000070c200000, 0x000000070c400000|  0%| F|  |TAMS 0x000000070c200000| PB 0x000000070c200000| Untracked |  0
|  55|0x000000070c400000, 0x000000070c400000, 0x000000070c600000|  0%| F|  |TAMS 0x000000070c400000| PB 0x000000070c400000| Untracked |  0
|  56|0x000000070c600000, 0x000000070c600000, 0x000000070c800000|  0%| F|  |TAMS 0x000000070c600000| PB 0x000000070c600000| Untracked |  0
|  57|0x000000070c800000, 0x000000070c800000, 0x000000070ca00000|  0%| F|  |TAMS 0x000000070c800000| PB 0x000000070c800000| Untracked |  0
|  58|0x000000070ca00000, 0x000000070ca00000, 0x000000070cc00000|  0%| F|  |TAMS 0x000000070ca00000| PB 0x000000070ca00000| Untracked |  0
|  59|0x000000070cc00000, 0x000000070cc00000, 0x000000070ce00000|  0%| F|  |TAMS 0x000000070cc00000| PB 0x000000070cc00000| Untracked |  0
|  60|0x000000070ce00000, 0x000000070ce00000, 0x000000070d000000|  0%| F|  |TAMS 0x000000070ce00000| PB 0x000000070ce00000| Untracked |  0
|  61|0x000000070d000000, 0x000000070d000000, 0x000000070d200000|  0%| F|  |TAMS 0x000000070d000000| PB 0x000000070d000000| Untracked |  0
|  62|0x000000070d200000, 0x000000070d200000, 0x000000070d400000|  0%| F|  |TAMS 0x000000070d200000| PB 0x000000070d200000| Untracked |  0
|  63|0x000000070d400000, 0x000000070d400000, 0x000000070d600000|  0%| F|  |TAMS 0x000000070d400000| PB 0x000000070d400000| Untracked |  0
|  64|0x000000070d600000, 0x000000070d600000, 0x000000070d800000|  0%| F|  |TAMS 0x000000070d600000| PB 0x000000070d600000| Untracked |  0
|  65|0x000000070d800000, 0x000000070d800000, 0x000000070da00000|  0%| F|  |TAMS 0x000000070d800000| PB 0x000000070d800000| Untracked |  0
|  66|0x000000070da00000, 0x000000070da00000, 0x000000070dc00000|  0%| F|  |TAMS 0x000000070da00000| PB 0x000000070da00000| Untracked |  0
|  67|0x000000070dc00000, 0x000000070dc00000, 0x000000070de00000|  0%| F|  |TAMS 0x000000070dc00000| PB 0x000000070dc00000| Untracked |  0
|  68|0x000000070de00000, 0x000000070de00000, 0x000000070e000000|  0%| F|  |TAMS 0x000000070de00000| PB 0x000000070de00000| Untracked |  0
|  69|0x000000070e000000, 0x000000070e000000, 0x000000070e200000|  0%| F|  |TAMS 0x000000070e000000| PB 0x000000070e000000| Untracked |  0
|  70|0x000000070e200000, 0x000000070e200000, 0x000000070e400000|  0%| F|  |TAMS 0x000000070e200000| PB 0x000000070e200000| Untracked |  0
|  71|0x000000070e400000, 0x000000070e400000, 0x000000070e600000|  0%| F|  |TAMS 0x000000070e400000| PB 0x000000070e400000| Untracked |  0
|  72|0x000000070e600000, 0x000000070e600000, 0x000000070e800000|  0%| F|  |TAMS 0x000000070e600000| PB 0x000000070e600000| Untracked |  0
|  73|0x000000070e800000, 0x000000070e800000, 0x000000070ea00000|  0%| F|  |TAMS 0x000000070e800000| PB 0x000000070e800000| Untracked |  0
|  74|0x000000070ea00000, 0x000000070ea00000, 0x000000070ec00000|  0%| F|  |TAMS 0x000000070ea00000| PB 0x000000070ea00000| Untracked |  0
|  75|0x000000070ec00000, 0x000000070ec00000, 0x000000070ee00000|  0%| F|  |TAMS 0x000000070ec00000| PB 0x000000070ec00000| Untracked |  0
|  76|0x000000070ee00000, 0x000000070ee00000, 0x000000070f000000|  0%| F|  |TAMS 0x000000070ee00000| PB 0x000000070ee00000| Untracked |  0
|  77|0x000000070f000000, 0x000000070f000000, 0x000000070f200000|  0%| F|  |TAMS 0x000000070f000000| PB 0x000000070f000000| Untracked |  0
|  78|0x000000070f200000, 0x000000070f200000, 0x000000070f400000|  0%| F|  |TAMS 0x000000070f200000| PB 0x000000070f200000| Untracked |  0
|  79|0x000000070f400000, 0x000000070f400000, 0x000000070f600000|  0%| F|  |TAMS 0x000000070f400000| PB 0x000000070f400000| Untracked |  0
|  80|0x000000070f600000, 0x000000070f600000, 0x000000070f800000|  0%| F|  |TAMS 0x000000070f600000| PB 0x000000070f600000| Untracked |  0
|  81|0x000000070f800000, 0x000000070f800000, 0x000000070fa00000|  0%| F|  |TAMS 0x000000070f800000| PB 0x000000070f800000| Untracked |  0
|  82|0x000000070fa00000, 0x000000070fa00000, 0x000000070fc00000|  0%| F|  |TAMS 0x000000070fa00000| PB 0x000000070fa00000| Untracked |  0
|  83|0x000000070fc00000, 0x000000070fc00000, 0x000000070fe00000|  0%| F|  |TAMS 0x000000070fc00000| PB 0x000000070fc00000| Untracked |  0
|  84|0x000000070fe00000, 0x000000070fe00000, 0x0000000710000000|  0%| F|  |TAMS 0x000000070fe00000| PB 0x000000070fe00000| Untracked |  0
|  85|0x0000000710000000, 0x0000000710000000, 0x0000000710200000|  0%| F|  |TAMS 0x0000000710000000| PB 0x0000000710000000| Untracked |  0
|  86|0x0000000710200000, 0x0000000710200000, 0x0000000710400000|  0%| F|  |TAMS 0x0000000710200000| PB 0x0000000710200000| Untracked |  0
|  87|0x0000000710400000, 0x0000000710400000, 0x0000000710600000|  0%| F|  |TAMS 0x0000000710400000| PB 0x0000000710400000| Untracked |  0
|  88|0x0000000710600000, 0x0000000710600000, 0x0000000710800000|  0%| F|  |TAMS 0x0000000710600000| PB 0x0000000710600000| Untracked |  0
|  89|0x0000000710800000, 0x0000000710800000, 0x0000000710a00000|  0%| F|  |TAMS 0x0000000710800000| PB 0x0000000710800000| Untracked |  0
|  90|0x0000000710a00000, 0x0000000710a00000, 0x0000000710c00000|  0%| F|  |TAMS 0x0000000710a00000| PB 0x0000000710a00000| Untracked |  0
|  91|0x0000000710c00000, 0x0000000710c00000, 0x0000000710e00000|  0%| F|  |TAMS 0x0000000710c00000| PB 0x0000000710c00000| Untracked |  0
|  92|0x0000000710e00000, 0x0000000710e00000, 0x0000000711000000|  0%| F|  |TAMS 0x0000000710e00000| PB 0x0000000710e00000| Untracked |  0
|  93|0x0000000711000000, 0x0000000711000000, 0x0000000711200000|  0%| F|  |TAMS 0x0000000711000000| PB 0x0000000711000000| Untracked |  0
|  94|0x0000000711200000, 0x0000000711200000, 0x0000000711400000|  0%| F|  |TAMS 0x0000000711200000| PB 0x0000000711200000| Untracked |  0
|  95|0x0000000711400000, 0x0000000711400000, 0x0000000711600000|  0%| F|  |TAMS 0x0000000711400000| PB 0x0000000711400000| Untracked |  0
|  96|0x0000000711600000, 0x0000000711600000, 0x0000000711800000|  0%| F|  |TAMS 0x0000000711600000| PB 0x0000000711600000| Untracked |  0
|  97|0x0000000711800000, 0x0000000711800000, 0x0000000711a00000|  0%| F|  |TAMS 0x0000000711800000| PB 0x0000000711800000| Untracked |  0
|  98|0x0000000711a00000, 0x0000000711a00000, 0x0000000711c00000|  0%| F|  |TAMS 0x0000000711a00000| PB 0x0000000711a00000| Untracked |  0
|  99|0x0000000711c00000, 0x0000000711c00000, 0x0000000711e00000|  0%| F|  |TAMS 0x0000000711c00000| PB 0x0000000711c00000| Untracked |  0
| 100|0x0000000711e00000, 0x0000000711e49dd8, 0x0000000712000000| 14%| S|CS|TAMS 0x0000000711e00000| PB 0x0000000711e00000| Complete |  0
| 101|0x0000000712000000, 0x0000000712200000, 0x0000000712200000|100%| S|CS|TAMS 0x0000000712000000| PB 0x0000000712000000| Complete |  0
| 102|0x0000000712200000, 0x0000000712200000, 0x0000000712400000|  0%| F|  |TAMS 0x0000000712200000| PB 0x0000000712200000| Untracked |  0
| 103|0x0000000712400000, 0x0000000712400000, 0x0000000712600000|  0%| F|  |TAMS 0x0000000712400000| PB 0x0000000712400000| Untracked |  0
| 104|0x0000000712600000, 0x0000000712600000, 0x0000000712800000|  0%| F|  |TAMS 0x0000000712600000| PB 0x0000000712600000| Untracked |  0
| 105|0x0000000712800000, 0x0000000712800000, 0x0000000712a00000|  0%| F|  |TAMS 0x0000000712800000| PB 0x0000000712800000| Untracked |  0
| 106|0x0000000712a00000, 0x0000000712a00000, 0x0000000712c00000|  0%| F|  |TAMS 0x0000000712a00000| PB 0x0000000712a00000| Untracked |  0
| 107|0x0000000712c00000, 0x0000000712c00000, 0x0000000712e00000|  0%| F|  |TAMS 0x0000000712c00000| PB 0x0000000712c00000| Untracked |  0
| 108|0x0000000712e00000, 0x0000000712e00000, 0x0000000713000000|  0%| F|  |TAMS 0x0000000712e00000| PB 0x0000000712e00000| Untracked |  0
| 109|0x0000000713000000, 0x0000000713000000, 0x0000000713200000|  0%| F|  |TAMS 0x0000000713000000| PB 0x0000000713000000| Untracked |  0
| 110|0x0000000713200000, 0x0000000713200000, 0x0000000713400000|  0%| F|  |TAMS 0x0000000713200000| PB 0x0000000713200000| Untracked |  0
| 111|0x0000000713400000, 0x0000000713400000, 0x0000000713600000|  0%| F|  |TAMS 0x0000000713400000| PB 0x0000000713400000| Untracked |  0
| 112|0x0000000713600000, 0x0000000713600000, 0x0000000713800000|  0%| F|  |TAMS 0x0000000713600000| PB 0x0000000713600000| Untracked |  0
| 113|0x0000000713800000, 0x0000000713800000, 0x0000000713a00000|  0%| F|  |TAMS 0x0000000713800000| PB 0x0000000713800000| Untracked |  0
| 114|0x0000000713a00000, 0x0000000713a00000, 0x0000000713c00000|  0%| F|  |TAMS 0x0000000713a00000| PB 0x0000000713a00000| Untracked |  0
| 115|0x0000000713c00000, 0x0000000713c00000, 0x0000000713e00000|  0%| F|  |TAMS 0x0000000713c00000| PB 0x0000000713c00000| Untracked |  0
| 116|0x0000000713e00000, 0x0000000713e00000, 0x0000000714000000|  0%| F|  |TAMS 0x0000000713e00000| PB 0x0000000713e00000| Untracked |  0
| 117|0x0000000714000000, 0x0000000714000000, 0x0000000714200000|  0%| F|  |TAMS 0x0000000714000000| PB 0x0000000714000000| Untracked |  0
| 118|0x0000000714200000, 0x0000000714200000, 0x0000000714400000|  0%| F|  |TAMS 0x0000000714200000| PB 0x0000000714200000| Untracked |  0
| 119|0x0000000714400000, 0x0000000714400000, 0x0000000714600000|  0%| F|  |TAMS 0x0000000714400000| PB 0x0000000714400000| Untracked |  0
| 120|0x0000000714600000, 0x0000000714600000, 0x0000000714800000|  0%| F|  |TAMS 0x0000000714600000| PB 0x0000000714600000| Untracked |  0
| 121|0x0000000714800000, 0x0000000714800000, 0x0000000714a00000|  0%| F|  |TAMS 0x0000000714800000| PB 0x0000000714800000| Untracked |  0
| 122|0x0000000714a00000, 0x0000000714a00000, 0x0000000714c00000|  0%| F|  |TAMS 0x0000000714a00000| PB 0x0000000714a00000| Untracked |  0
| 123|0x0000000714c00000, 0x0000000714c00000, 0x0000000714e00000|  0%| F|  |TAMS 0x0000000714c00000| PB 0x0000000714c00000| Untracked |  0
| 124|0x0000000714e00000, 0x0000000714f30b00, 0x0000000715000000| 59%| E|  |TAMS 0x0000000714e00000| PB 0x0000000714e00000| Complete |  0
| 125|0x0000000715000000, 0x0000000715200000, 0x0000000715200000|100%| E|CS|TAMS 0x0000000715000000| PB 0x0000000715000000| Complete |  0
|2004|0x00000007ffe00000, 0x00000007fff24ea8, 0x0000000800000000| 57%| O|  |TAMS 0x00000007ffe00000| PB 0x00000007ffe00000| Untracked |  0

Card table byte_map: [0x0000013ba5a10000,0x0000013ba61f0000] _byte_map_base: 0x0000013ba21e5000

Marking Bits: (CMBitMap*) 0x0000013b8d5c5020
 Bits: [0x0000013ba61f0000, 0x0000013baa098000)

Polling page: 0x0000013b8b750000

Metaspace:
Metaspace        used 6600K, committed 6848K, reserved 1114112K
 class space     used 707K, committed 832K, reserved 1048576K

Usage:
  Non-class:      5.75 MB used.
      Class:    707.71 KB used.
       Both:      6.45 MB used.

Virtual space:
  Non-class space:       64.00 MB reserved,       5.88 MB (  9%) committed,  1 nodes.
      Class space:        1.00 GB reserved,     832.00 KB ( <1%) committed,  1 nodes.
             Both:        1.06 GB reserved,       6.69 MB ( <1%) committed. 

Chunk freelists:
   Non-Class:  10.15 MB
       Class:  15.18 MB
        Both:  25.33 MB

MaxMetaspaceSize: unlimited
CompressedClassSpaceSize: 1.00 GB
Initial GC threshold: 21.00 MB
Current GC threshold: 21.00 MB
CDS: on
 - commit_granule_bytes: 65536.
 - commit_granule_words: 8192.
 - virtual_space_node_default_size: 8388608.
 - enlarge_chunks_in_place: 1.
UseCompressedClassPointers 1, UseCompactObjectHeaders 0
Narrow klass pointer bits 32, Max shift 3
Narrow klass base: 0x000000000b000000, Narrow klass shift: 0
Encoding Range: [0x000000000b000000 - 0x000000010b000000), (4294967296 bytes)
Klass Range:    [0x000000000b010000 - 0x000000004c000000), (1090453504 bytes)
Klass ID Range:  [65536 - 1090519033) (1090453497)
Protection zone: [0x000000000b000000 - 0x000000000b010000), (65536 bytes)


Internal statistics:

num_allocs_failed_limit: 0.
num_arena_births: 160.
num_arena_deaths: 0.
num_vsnodes_births: 2.
num_vsnodes_deaths: 0.
num_space_committed: 107.
num_space_uncommitted: 0.
num_chunks_returned_to_freelist: 0.
num_chunks_taken_from_freelist: 201.
num_chunk_merges: 0.
num_chunk_splits: 125.
num_chunks_enlarged: 68.
num_inconsistent_stats: 0.

CodeHeap 'non-profiled nmethods': size=120064Kb used=371Kb max_used=371Kb free=119692Kb
 bounds [0x0000013b9d8b0000, 0x0000013b9db20000, 0x0000013ba4df0000]
CodeHeap 'profiled nmethods': size=120000Kb used=1681Kb max_used=1681Kb free=118318Kb
 bounds [0x0000013b95df0000, 0x0000013b96060000, 0x0000013b9d320000]
CodeHeap 'non-nmethods': size=5696Kb used=1504Kb max_used=1529Kb free=4191Kb
 bounds [0x0000013b9d320000, 0x0000013b9d590000, 0x0000013b9d8b0000]
CodeCache: size=245760Kb, used=3556Kb, max_used=3581Kb, free=242201Kb
 total_blobs=1845, nmethods=1334, adapters=415, full_count=0
Compilation: enabled, stopped_count=0, restarted_count=0

Compilation events (20 events):
Event: 2.626 Thread 0x0000013bacb33c90 1323       3       java.util.Arrays::rangeCheck (74 bytes)
Event: 2.626 Thread 0x0000013bacb33c90 nmethod 1323 0x0000013b95f90808 code [0x0000013b95f90900, 0x0000013b95f91628]
Event: 2.626 Thread 0x0000013bacb33c90 1324       3       java.lang.invoke.MethodHandle::isBuiltinLoader (24 bytes)
Event: 2.626 Thread 0x0000013bacb33c90 nmethod 1324 0x0000013b95f91688 code [0x0000013b95f91780, 0x0000013b95f919d8]
Event: 2.627 Thread 0x0000013bacb33c90 1325       3       java.lang.Class::searchMethods (104 bytes)
Event: 2.628 Thread 0x0000013bacb33c90 nmethod 1325 0x0000013b95f91a08 code [0x0000013b95f91b00, 0x0000013b95f92568]
Event: 2.628 Thread 0x0000013bacb33c90 1326       1       java.io.ObjectStreamField::getName (5 bytes)
Event: 2.629 Thread 0x0000013bacb33c90 nmethod 1326 0x0000013b9d90c508 code [0x0000013b9d90c600, 0x0000013b9d90c6c8]
Event: 2.629 Thread 0x0000013bacb33c90 1327       3       java.lang.Class::privateGetDeclaredMethods (56 bytes)
Event: 2.630 Thread 0x0000013bacb33c90 nmethod 1327 0x0000013b95f92588 code [0x0000013b95f92680, 0x0000013b95f92d70]
Event: 2.630 Thread 0x0000013bacb33c90 1328       1       java.util.stream.AbstractPipeline::getStreamAndOpFlags (5 bytes)
Event: 2.630 Thread 0x0000013bacb33c90 nmethod 1328 0x0000013b9d90c808 code [0x0000013b9d90c900, 0x0000013b9d90c9c8]
Event: 2.630 Thread 0x0000013bacb33c90 1329       3       jdk.internal.misc.Unsafe::checkPrimitivePointer (19 bytes)
Event: 2.630 Thread 0x0000013bacb33c90 nmethod 1329 0x0000013b95f92d88 code [0x0000013b95f92e80, 0x0000013b95f934f0]
Event: 2.639 Thread 0x0000013bacb33c90 1330       3       java.io.ObjectStreamField::getSignature (39 bytes)
Event: 2.640 Thread 0x0000013bacb33c90 nmethod 1330 0x0000013b95f93508 code [0x0000013b95f93600, 0x0000013b95f93970]
Event: 2.640 Thread 0x0000013bacb33c90 1332       3       java.io.ObjectOutputStream$BlockDataOutputStream::setBlockDataMode (35 bytes)
Event: 2.640 Thread 0x0000013bacb33c90 nmethod 1332 0x0000013b95f93988 code [0x0000013b95f93a80, 0x0000013b95f93d00]
Event: 2.640 Thread 0x0000013bacb33c90 1331       3       java.io.ObjectOutputStream$BlockDataOutputStream::writeByte (33 bytes)
Event: 2.640 Thread 0x0000013bacb33c90 nmethod 1331 0x0000013b95f93d08 code [0x0000013b95f93e00, 0x0000013b95f94038]

GC Heap Usage History (2 events):
Event: 2.727 {heap Before GC invocations=0 (full 0):
 garbage-first heap   total reserved 4106240K, committed 260096K, used 50323K [0x0000000705600000, 0x0000000800000000)
  region size 2048K, 24 young (49152K), 0 survivors (0K)
}
Event: 2.730 {heap After GC invocations=1 (full 0):
 garbage-first heap   total reserved 4106240K, committed 260096K, used 3515K [0x0000000705600000, 0x0000000800000000)
  region size 2048K, 2 young (4096K), 2 survivors (4096K)
}

Metaspace Usage History (2 events):
Event: 2.727 {metaspace Before GC invocations=0 (full 0):
 Metaspace       used 6599K, committed 6848K, reserved 1114112K
  class space    used 707K, committed 832K, reserved 1048576K
}
Event: 2.730 {metaspace After GC invocations=1 (full 0):
 Metaspace       used 6599K, committed 6848K, reserved 1114112K
  class space    used 707K, committed 832K, reserved 1048576K
}

Dll operation events (18 events):
Event: 0.019 Loaded shared library C:\Users\Akku\.jdks\openjdk-25.0.2\bin\java.dll
Event: 0.218 Loaded shared library C:\Users\Akku\.jdks\openjdk-25.0.2\bin\zip.dll
Event: 0.222 Loaded shared library C:\Users\Akku\.jdks\openjdk-25.0.2\bin\instrument.dll
Event: 0.229 Loaded shared library C:\Users\Akku\.jdks\openjdk-25.0.2\bin\net.dll
Event: 0.231 Loaded shared library C:\Users\Akku\.jdks\openjdk-25.0.2\bin\nio.dll
Event: 0.237 Loaded shared library C:\Users\Akku\.jdks\openjdk-25.0.2\bin\zip.dll
Event: 0.297 Loaded shared library C:\Users\Akku\.jdks\openjdk-25.0.2\bin\extnet.dll
Event: 0.451 Loaded shared library C:\Users\Akku\.jdks\openjdk-25.0.2\bin\jimage.dll
Event: 0.521 Loaded shared library C:\Users\Akku\.jdks\openjdk-25.0.2\bin\management.dll
Event: 0.533 Loaded shared library C:\Users\Akku\.jdks\openjdk-25.0.2\bin\management_ext.dll
Event: 0.948 Loaded shared library C:\Users\Akku\.jsfml\windows_x64\libsndfile-1.dll
Event: 1.026 Loaded shared library C:\Users\Akku\.jsfml\windows_x64\openal32.dll
Event: 1.093 Loaded shared library C:\Users\Akku\.jsfml\windows_x64\sfml-gameSystem-2.dll
Event: 1.149 Loaded shared library C:\Users\Akku\.jsfml\windows_x64\sfml-window-2.dll
Event: 1.193 Loaded shared library C:\Users\Akku\.jsfml\windows_x64\sfml-audio-2.dll
Event: 1.242 Loaded shared library C:\Users\Akku\.jsfml\windows_x64\sfml-graphics-2.dll
Event: 1.318 Loaded shared library C:\Users\Akku\.jsfml\windows_x64\jsfml.dll
Event: 1.558 Loaded shared library C:\Users\Akku\.jdks\openjdk-25.0.2\bin\awt.dll

Deoptimization events (20 events):
Event: 0.728 Thread 0x0000013bacb24f50 DEOPT PACKING pc=0x0000013b9d8e5c70 sp=0x0000002590ffce10
Event: 0.728 Thread 0x0000013bacb24f50 DEOPT UNPACKING pc=0x0000013b9d3ba602 sp=0x0000002590ffcd90 mode 2
Event: 0.728 Thread 0x0000013bacb24f50 Uncommon trap: trap_request=0xffffff45 fr.pc=0x0000013b9d8e6620 relative=0x00000000000000a0
Event: 0.728 Thread 0x0000013bacb24f50 Uncommon trap: reason=unstable_if action=reinterpret pc=0x0000013b9d8e6620 method=jdk.internal.util.xml.impl.Parser.ensureCapacity(I)V @ 40 c2
Event: 0.728 Thread 0x0000013bacb24f50 DEOPT PACKING pc=0x0000013b9d8e6620 sp=0x0000002590ffcd80
Event: 0.728 Thread 0x0000013bacb24f50 DEOPT UNPACKING pc=0x0000013b9d3ba602 sp=0x0000002590ffccb0 mode 2
Event: 0.733 Thread 0x0000013bacb24f50 Uncommon trap: trap_request=0xffffff45 fr.pc=0x0000013b9d8e51e0 relative=0x0000000000000060
Event: 0.733 Thread 0x0000013bacb24f50 Uncommon trap: reason=unstable_if action=reinterpret pc=0x0000013b9d8e51e0 method=jdk.internal.util.xml.impl.Parser.ensureCapacity(I)V @ 40 c2
Event: 0.733 Thread 0x0000013bacb24f50 DEOPT PACKING pc=0x0000013b9d8e51e0 sp=0x0000002590ffd0f0
Event: 0.733 Thread 0x0000013bacb24f50 DEOPT UNPACKING pc=0x0000013b9d3ba602 sp=0x0000002590ffd078 mode 2
Event: 0.788 Thread 0x0000013bacb24f50 Uncommon trap: trap_request=0xffffff45 fr.pc=0x0000013b9d8ea9e0 relative=0x0000000000000260
Event: 0.788 Thread 0x0000013bacb24f50 Uncommon trap: reason=unstable_if action=reinterpret pc=0x0000013b9d8ea9e0 method=java.lang.String.startsWith(Ljava/lang/String;I)Z @ 1 c2
Event: 0.788 Thread 0x0000013bacb24f50 DEOPT PACKING pc=0x0000013b9d8ea9e0 sp=0x0000002590ffe8b0
Event: 0.788 Thread 0x0000013bacb24f50 DEOPT UNPACKING pc=0x0000013b9d3ba602 sp=0x0000002590ffe840 mode 2
Event: 0.848 Thread 0x0000013bacb24f50 Uncommon trap: trap_request=0xffffffde fr.pc=0x0000013b9d8e8db4 relative=0x0000000000000a34
Event: 0.848 Thread 0x0000013bacb24f50 Uncommon trap: reason=class_check action=maybe_recompile pc=0x0000013b9d8e8db4 method=java.util.HashMap.putVal(ILjava/lang/Object;Ljava/lang/Object;ZZ)Ljava/lang/Object; @ 91 c2
Event: 0.849 Thread 0x0000013bacb24f50 DEOPT PACKING pc=0x0000013b9d8e8db4 sp=0x0000002590ffdbd0
Event: 0.849 Thread 0x0000013bacb24f50 DEOPT UNPACKING pc=0x0000013b9d3ba602 sp=0x0000002590ffdaf8 mode 2
Event: 1.564 Thread 0x0000013b8d560a00 DEOPT PACKING pc=0x0000013b95e9cbf9 sp=0x00000025904feb00
Event: 1.564 Thread 0x0000013b8d560a00 DEOPT UNPACKING pc=0x0000013b9d3712a2 sp=0x00000025904fdf78 mode 0

Classes loaded (20 events):
Event: 1.560 Loading class java/util/concurrent/Semaphore
Event: 1.560 Loading class java/util/concurrent/Semaphore done
Event: 1.560 Loading class java/util/concurrent/Semaphore$NonfairSync
Event: 1.560 Loading class java/util/concurrent/Semaphore$Sync
Event: 1.560 Loading class java/util/concurrent/Semaphore$Sync done
Event: 1.560 Loading class java/util/concurrent/Semaphore$NonfairSync done
Event: 1.564 Loading class java/lang/Throwable$WrappedPrintStream
Event: 1.564 Loading class java/lang/Throwable$PrintStreamOrWriter
Event: 1.564 Loading class java/lang/Throwable$PrintStreamOrWriter done
Event: 1.564 Loading class java/lang/Throwable$WrappedPrintStream done
Event: 2.615 Loading class java/lang/NumberFormatException
Event: 2.615 Loading class java/lang/NumberFormatException done
Event: 2.626 Loading class javax/management/openmbean/CompositeDataSupport
Event: 2.626 Loading class javax/management/openmbean/CompositeDataSupport done
Event: 2.627 Loading class javax/management/openmbean/OpenDataException
Event: 2.627 Loading class javax/management/openmbean/OpenDataException done
Event: 2.628 Loading class java/lang/SecurityException
Event: 2.628 Loading class java/lang/SecurityException done
Event: 2.629 Loading class java/io/ObjectStreamException
Event: 2.629 Loading class java/io/ObjectStreamException done

Classes unloaded (0 events):
No events

Classes redefined (0 events):
No events

Internal exceptions (20 events):
Event: 0.713 Thread 0x0000013b8d560a00 Exception <a 'sun/nio/fs/WindowsException'{0x0000000714ee4568}> (0x0000000714ee4568) 
thrown [s\open\src\hotspot\share\prims\jni.cpp, line 516]
Event: 0.808 Thread 0x0000013bacb24f50 Exception <a 'java/lang/NoSuchMethodError'{0x0000000714327aa0}: 'java.lang.Object java.lang.invoke.DirectMethodHandle$Holder.invokeStaticInit(java.lang.Object, int, int, int, int)'> (0x0000000714327aa0) 
thrown [s\open\src\hotspot\share\interpreter\linkResolver.cpp, line 804]
Event: 0.831 Thread 0x0000013bacb24f50 Exception <a 'java/lang/NoSuchMethodError'{0x00000007143758b8}: 'java.lang.Object java.lang.invoke.DirectMethodHandle$Holder.invokeStaticInit(java.lang.Object, java.lang.Object, int, int, int, int)'> (0x00000007143758b8) 
thrown [s\open\src\hotspot\share\interpreter\linkResolver.cpp, line 804]
Event: 0.846 Thread 0x0000013bacb24f50 Exception <a 'java/lang/ClassNotFoundException'{0x000000071438cad8}: javax/management/remote/rmi/RMIServerImpl_Skel> (0x000000071438cad8) 
thrown [s\open\src\hotspot\share\classfile\systemDictionary.cpp, line 327]
Event: 0.856 Thread 0x0000013bacb24f50 Exception <a 'java/lang/NoSuchMethodError'{0x000000071439e658}: 'long java.lang.invoke.DirectMethodHandle$Holder.invokeSpecial(java.lang.Object, java.lang.Object)'> (0x000000071439e658) 
thrown [s\open\src\hotspot\share\interpreter\linkResolver.cpp, line 804]
Event: 0.856 Thread 0x0000013bacb24f50 Exception <a 'java/lang/NoSuchMethodError'{0x00000007143a6548}: 'long java.lang.invoke.Invokers$Holder.invokeExact_MT(java.lang.Object, java.lang.Object)'> (0x00000007143a6548) 
thrown [s\open\src\hotspot\share\interpreter\linkResolver.cpp, line 804]
Event: 0.972 Thread 0x0000013bb1936fb0 Exception <a 'java/lang/NoSuchMethodError'{0x0000000713f3d0e0}: static [B.<clinit>()V> (0x0000000713f3d0e0) 
thrown [s\open\src\hotspot\share\prims\jni.cpp, line 1106]
Event: 0.976 Thread 0x0000013bb1936fb0 Exception <a 'java/lang/NoSuchMethodError'{0x0000000713f3ea40}: 'java.lang.Object java.lang.invoke.DirectMethodHandle$Holder.invokeInterface(java.lang.Object, java.lang.Object, java.lang.Object)'> (0x0000000713f3ea40) 
thrown [s\open\src\hotspot\share\interpreter\linkResolver.cpp, line 804]
Event: 1.027 Thread 0x0000013bb1936fb0 Exception <a 'java/lang/ClassNotFoundException'{0x0000000713f5edf0}: javax/management/remote/rmi/RMIConnectionImpl_Skel> (0x0000000713f5edf0) 
thrown [s\open\src\hotspot\share\classfile\systemDictionary.cpp, line 327]
Event: 1.027 Thread 0x0000013bb18c9ae0 Exception <a 'java/lang/NoSuchMethodError'{0x0000000713ff57f0}: 'java.lang.Object java.lang.invoke.DirectMethodHandle$Holder.invokeSpecial(java.lang.Object, java.lang.Object, java.lang.Object, java.lang.Object, long)'> (0x0000000713ff57f0) 
thrown [s\open\src\hotspot\share\interpreter\linkResolver.cpp, line 804]
Event: 1.028 Thread 0x0000013bb18c9ae0 Exception <a 'java/lang/NoSuchMethodError'{0x0000000713a06af8}: 'java.lang.Object java.lang.invoke.Invokers$Holder.linkToTargetMethod(java.lang.Object, long, java.lang.Object)'> (0x0000000713a06af8) 
thrown [s\open\src\hotspot\share\interpreter\linkResolver.cpp, line 804]
Event: 1.044 Thread 0x0000013bb1936fb0 Exception <a 'java/lang/NoSuchMethodError'{0x0000000713f7c9e0}: 'java.lang.Object java.lang.invoke.DirectMethodHandle$Holder.invokeInterface(java.lang.Object, java.lang.Object)'> (0x0000000713f7c9e0) 
thrown [s\open\src\hotspot\share\interpreter\linkResolver.cpp, line 804]
Event: 1.057 Thread 0x0000013bb1936fb0 Exception <a 'java/lang/NoSuchMethodError'{0x0000000713fbd9a8}: 'int java.lang.invoke.DelegatingMethodHandle$Holder.reinvoke_L(java.lang.Object, java.lang.Object, java.lang.Object, java.lang.Object, java.lang.Object)'> (0x0000000713fbd9a8) 
thrown [s\open\src\hotspot\share\interpreter\linkResolver.cpp, line 804]
Event: 1.063 Thread 0x0000013bb1936fb0 Exception <a 'java/lang/NoSuchMethodError'{0x0000000713b0b428}: 'java.lang.Object java.lang.invoke.DirectMethodHandle$Holder.invokeStatic(java.lang.Object, java.lang.Object, java.lang.Object, java.lang.Object, java.lang.Object, java.lang.Object, java.lang.Object, java.lang.Object, java.lang.Object)'> (0x0000000713b0b428) 
thrown [s\open\src\hotspot\share\interpreter\linkResolver.cpp, line 804]
Event: 1.065 Thread 0x0000013bb1936fb0 Exception <a 'java/lang/NoSuchMethodError'{0x0000000713b1e930}: 'java.lang.Object java.lang.invoke.Invokers$Holder.invokeExact_MT(java.lang.Object, java.lang.Object, java.lang.Object, java.lang.Object, java.lang.Object, java.lang.Object)'> (0x0000000713b1e930) 
thrown [s\open\src\hotspot\share\interpreter\linkResolver.cpp, line 804]
Event: 1.073 Thread 0x0000013bb1936fb0 Exception <a 'java/lang/NoSuchMethodError'{0x0000000713b2a748}: 'java.lang.Object java.lang.invoke.DirectMethodHandle$Holder.invokeInterface(java.lang.Object, java.lang.Object, java.lang.Object, java.lang.Object, java.lang.Object)'> (0x0000000713b2a748) 
thrown [s\open\src\hotspot\share\interpreter\linkResolver.cpp, line 804]
Event: 1.082 Thread 0x0000013bb1936fb0 Exception <a 'java/lang/NoSuchMethodError'{0x0000000713b75850}: 'double java.lang.invoke.DirectMethodHandle$Holder.invokeInterface(java.lang.Object, java.lang.Object)'> (0x0000000713b75850) 
thrown [s\open\src\hotspot\share\interpreter\linkResolver.cpp, line 804]
Event: 1.083 Thread 0x0000013bb1936fb0 Exception <a 'java/lang/NoSuchMethodError'{0x0000000713b86550}: 'double java.lang.invoke.DelegatingMethodHandle$Holder.reinvoke_L(java.lang.Object, java.lang.Object)'> (0x0000000713b86550) 
thrown [s\open\src\hotspot\share\interpreter\linkResolver.cpp, line 804]
Event: 2.623 Thread 0x0000013bb1936fb0 Exception <a 'java/lang/NoSuchMethodError'{0x0000000713bae340}: 'long java.lang.invoke.DirectMethodHandle$Holder.invokeVirtual(java.lang.Object, java.lang.Object)'> (0x0000000713bae340) 
thrown [s\open\src\hotspot\share\interpreter\linkResolver.cpp, line 804]
Event: 2.624 Thread 0x0000013bb1936fb0 Exception <a 'java/lang/NoSuchMethodError'{0x0000000713bbeac8}: 'long java.lang.invoke.DelegatingMethodHandle$Holder.reinvoke_L(java.lang.Object, java.lang.Object)'> (0x0000000713bbeac8) 
thrown [s\open\src\hotspot\share\interpreter\linkResolver.cpp, line 804]

VM Operations (12 events):
Event: 0.121 Executing non-safepoint VM operation: HandshakeAllThreads (Deoptimize)
Event: 0.121 Executing non-safepoint VM operation: HandshakeAllThreads (Deoptimize) done
Event: 0.498 Executing non-safepoint VM operation: HandshakeAllThreads (Deoptimize)
Event: 0.498 Executing non-safepoint VM operation: HandshakeAllThreads (Deoptimize) done
Event: 0.708 Executing non-safepoint VM operation: HandshakeAllThreads (Deoptimize)
Event: 0.708 Executing non-safepoint VM operation: HandshakeAllThreads (Deoptimize) done
Event: 0.795 Executing non-safepoint VM operation: HandshakeAllThreads (Deoptimize)
Event: 0.795 Executing non-safepoint VM operation: HandshakeAllThreads (Deoptimize) done
Event: 0.982 Executing non-safepoint VM operation: HandshakeAllThreads (Deoptimize)
Event: 1.026 Executing non-safepoint VM operation: HandshakeAllThreads (Deoptimize) done
Event: 2.727 Executing safepoint VM operation: G1CollectForAllocation (G1 Evacuation Pause)
Event: 2.730 Executing safepoint VM operation: G1CollectForAllocation (G1 Evacuation Pause) done

Memory protections (0 events):
No events

Nmethod flushes (0 events):
No events

Events (20 events):
Event: 2.319 Thread 0x0000013bb154eaa0 Thread added: 0x0000013bb192f650
Event: 2.319 Thread 0x0000013bb154eaa0 Thread added: 0x0000013bb192fe20
Event: 2.319 Thread 0x0000013bb192f650 Thread exited: 0x0000013bb192f650
Event: 2.319 Thread 0x0000013bb192fe20 Thread exited: 0x0000013bb192fe20
Event: 2.420 Thread 0x0000013bb154eaa0 Thread added: 0x0000013bb1931590
Event: 2.420 Thread 0x0000013bb154eaa0 Thread added: 0x0000013bb192f650
Event: 2.423 Thread 0x0000013bb1931590 Thread exited: 0x0000013bb1931590
Event: 2.428 Thread 0x0000013bb192f650 Thread exited: 0x0000013bb192f650
Event: 2.523 Thread 0x0000013bb154eaa0 Thread added: 0x0000013bb19305f0
Event: 2.523 Thread 0x0000013bb154eaa0 Thread added: 0x0000013bb192f650
Event: 2.523 Thread 0x0000013bb19305f0 Thread exited: 0x0000013bb19305f0
Event: 2.523 Thread 0x0000013bb192f650 Thread exited: 0x0000013bb192f650
Event: 2.624 Thread 0x0000013bb154eaa0 Thread added: 0x0000013bb192f650
Event: 2.624 Thread 0x0000013bb154eaa0 Thread added: 0x0000013bb192fe20
Event: 2.624 Thread 0x0000013bb192fe20 Thread exited: 0x0000013bb192fe20
Event: 2.625 Thread 0x0000013bb192f650 Thread exited: 0x0000013bb192f650
Event: 2.726 Thread 0x0000013bb154eaa0 Thread added: 0x0000013bb1931590
Event: 2.726 Thread 0x0000013bb154eaa0 Thread added: 0x0000013bb192fe20
Event: 2.727 Thread 0x0000013bb1931590 Thread exited: 0x0000013bb1931590
Event: 2.730 Thread 0x0000013bb192fe20 Thread exited: 0x0000013bb192fe20


Dynamic libraries:
0x00007ff6e0630000 - 0x00007ff6e063e000 	C:\Users\Akku\.jdks\openjdk-25.0.2\bin\java.exe
0x00007ffa06360000 - 0x00007ffa065c7000 	C:\WINDOWS\SYSTEM32\ntdll.dll
0x00007ffa04b10000 - 0x00007ffa04bd9000 	C:\WINDOWS\System32\KERNEL32.DLL
0x00007ffa03b90000 - 0x00007ffa03f7f000 	C:\WINDOWS\System32\KERNELBASE.dll
0x00007ffa03630000 - 0x00007ffa0377b000 	C:\WINDOWS\System32\ucrtbase.dll
0x00007ff9ec980000 - 0x00007ff9ec997000 	C:\Users\Akku\.jdks\openjdk-25.0.2\bin\jli.dll
0x00007ffa04be0000 - 0x00007ffa04da5000 	C:\WINDOWS\System32\USER32.dll
0x00007ffa03780000 - 0x00007ffa037a7000 	C:\WINDOWS\System32\win32u.dll
0x00007ffa05ac0000 - 0x00007ffa05aeb000 	C:\WINDOWS\System32\GDI32.dll
0x00007ffa037b0000 - 0x00007ffa038dc000 	C:\WINDOWS\System32\gdi32full.dll
0x00007ff9ec7e0000 - 0x00007ff9ec7fe000 	C:\Users\Akku\.jdks\openjdk-25.0.2\bin\VCRUNTIME140.dll
0x00007ff9e4400000 - 0x00007ff9e4693000 	C:\WINDOWS\WinSxS\amd64_microsoft.windows.common-controls_6595b64144ccf1df_6.0.26100.7309_none_3e05feeae336a044\COMCTL32.dll
0x00007ffa03f90000 - 0x00007ffa04033000 	C:\WINDOWS\System32\msvcp_win.dll
0x00007ffa05240000 - 0x00007ffa052e9000 	C:\WINDOWS\System32\msvcrt.dll
0x00007ffa06030000 - 0x00007ffa06061000 	C:\WINDOWS\System32\IMM32.DLL
0x00007ff9ef920000 - 0x00007ff9ef92c000 	C:\Users\Akku\.jdks\openjdk-25.0.2\bin\vcruntime140_1.dll
0x00007ff9d10d0000 - 0x00007ff9d115d000 	C:\Users\Akku\.jdks\openjdk-25.0.2\bin\msvcp140.dll
0x00007ff9699e0000 - 0x00007ff96a83f000 	C:\Users\Akku\.jdks\openjdk-25.0.2\bin\server\jvm.dll
0x00007ffa05a00000 - 0x00007ffa05ab4000 	C:\WINDOWS\System32\ADVAPI32.dll
0x00007ffa052f0000 - 0x00007ffa05396000 	C:\WINDOWS\System32\sechost.dll
0x00007ffa05b40000 - 0x00007ffa05c58000 	C:\WINDOWS\System32\RPCRT4.dll
0x00007ffa04310000 - 0x00007ffa04384000 	C:\WINDOWS\System32\WS2_32.dll
0x00007ffa03310000 - 0x00007ffa0336e000 	C:\WINDOWS\SYSTEM32\POWRPROF.dll
0x00007ffa009a0000 - 0x00007ffa009d5000 	C:\WINDOWS\SYSTEM32\WINMM.dll
0x00007ff9f0950000 - 0x00007ff9f095b000 	C:\WINDOWS\SYSTEM32\VERSION.dll
0x00007ffa032f0000 - 0x00007ffa03304000 	C:\WINDOWS\SYSTEM32\UMPDC.dll
0x00007ffa02220000 - 0x00007ffa0223b000 	C:\WINDOWS\SYSTEM32\kernel.appcore.dll
0x00007ff9ef680000 - 0x00007ff9ef68a000 	C:\Users\Akku\.jdks\openjdk-25.0.2\bin\jimage.dll
0x00007ffa004f0000 - 0x00007ffa00732000 	C:\WINDOWS\SYSTEM32\DBGHELP.DLL
0x00007ffa05530000 - 0x00007ffa058b5000 	C:\WINDOWS\System32\combase.dll
0x00007ffa05920000 - 0x00007ffa059f6000 	C:\WINDOWS\System32\OLEAUT32.dll
0x00007ffa00960000 - 0x00007ffa0099c000 	C:\WINDOWS\SYSTEM32\dbgcore.DLL
0x00007ffa03ae0000 - 0x00007ffa03b85000 	C:\WINDOWS\System32\bcryptPrimitives.dll
0x00007ff9ef650000 - 0x00007ff9ef660000 	C:\Users\Akku\.jdks\openjdk-25.0.2\bin\instrument.dll
0x00007ff9ec140000 - 0x00007ff9ec15f000 	C:\Users\Akku\.jdks\openjdk-25.0.2\bin\java.dll
0x00007ffa06070000 - 0x00007ffa06207000 	C:\WINDOWS\System32\ole32.dll
0x00007ffa043b0000 - 0x00007ffa04b03000 	C:\WINDOWS\System32\SHELL32.dll
0x00007ffa038e0000 - 0x00007ffa03a4a000 	C:\WINDOWS\System32\wintypes.dll
0x00007ffa01070000 - 0x00007ffa018ce000 	C:\WINDOWS\SYSTEM32\windows.storage.dll
0x00007ffa053b0000 - 0x00007ffa054a5000 	C:\WINDOWS\System32\SHCORE.dll
0x00007ffa054b0000 - 0x00007ffa05516000 	C:\WINDOWS\System32\shlwapi.dll
0x00007ffa033d0000 - 0x00007ffa033f9000 	C:\WINDOWS\SYSTEM32\profapi.dll
0x00007ff9e7430000 - 0x00007ff9e7447000 	C:\Users\Akku\.jdks\openjdk-25.0.2\bin\zip.dll
0x00007ff9ea980000 - 0x00007ff9ea992000 	C:\Users\Akku\.jdks\openjdk-25.0.2\bin\net.dll
0x00007ffa02770000 - 0x00007ffa027db000 	C:\WINDOWS\system32\mswsock.dll
0x00007ff9e9270000 - 0x00007ff9e9286000 	C:\Users\Akku\.jdks\openjdk-25.0.2\bin\nio.dll
0x00007ff9ec970000 - 0x00007ff9ec979000 	C:\Users\Akku\.jdks\openjdk-25.0.2\bin\extnet.dll
0x00007ffa01d00000 - 0x00007ffa01e2c000 	C:\WINDOWS\SYSTEM32\DNSAPI.dll
0x00007ffa01cc0000 - 0x00007ffa01cf4000 	C:\WINDOWS\SYSTEM32\IPHLPAPI.DLL
0x00007ffa05520000 - 0x00007ffa0552a000 	C:\WINDOWS\System32\NSI.dll
0x00007ff9f6dc0000 - 0x00007ff9f6dcb000 	C:\Windows\System32\rasadhlp.dll
0x00007ff9f9ff0000 - 0x00007ff9fa076000 	C:\WINDOWS\System32\fwpuclnt.dll
0x00007ff9ec7d0000 - 0x00007ff9ec7da000 	C:\Users\Akku\.jdks\openjdk-25.0.2\bin\management.dll
0x00007ff9eb670000 - 0x00007ff9eb67c000 	C:\Users\Akku\.jdks\openjdk-25.0.2\bin\management_ext.dll
0x00007ffa04200000 - 0x00007ffa04208000 	C:\WINDOWS\System32\PSAPI.DLL
0x00007ffa02b60000 - 0x00007ffa02b7b000 	C:\WINDOWS\SYSTEM32\CRYPTSP.dll
0x00007ffa02180000 - 0x00007ffa021ba000 	C:\WINDOWS\system32\rsaenh.dll
0x00007ffa02820000 - 0x00007ffa0284b000 	C:\WINDOWS\SYSTEM32\USERENV.dll
0x00007ffa033a0000 - 0x00007ffa033ca000 	C:\WINDOWS\SYSTEM32\bcrypt.dll
0x00007ffa029c0000 - 0x00007ffa029cc000 	C:\WINDOWS\SYSTEM32\CRYPTBASE.dll
0x00007ff9ec030000 - 0x00007ff9ec048000 	C:\WINDOWS\system32\napinsp.dll
0x00007ff9eab20000 - 0x00007ff9eab32000 	C:\WINDOWS\System32\winrnr.dll
0x00007ff9e6f90000 - 0x00007ff9e6fb2000 	C:\WINDOWS\system32\nlansp_c.dll
0x00007ff9f0f70000 - 0x00007ff9f0f86000 	C:\WINDOWS\system32\wshbth.dll
0x0000000070440000 - 0x0000000070682000 	C:\Users\Akku\.jsfml\windows_x64\libsndfile-1.dll
0x00007ff9c7f50000 - 0x00007ff9c7fbc000 	C:\Users\Akku\.jsfml\windows_x64\openal32.dll
0x00007ff9e7420000 - 0x00007ff9e742e000 	C:\Users\Akku\.jsfml\windows_x64\sfml-gameSystem-2.dll
0x00000000542c0000 - 0x0000000054358000 	C:\WINDOWS\SYSTEM32\MSVCP100.dll
0x0000000054360000 - 0x0000000054432000 	C:\WINDOWS\SYSTEM32\MSVCR100.dll
0x00007ff9ded40000 - 0x00007ff9ded96000 	C:\WINDOWS\SYSTEM32\pdh.dll
0x00007ff9e0160000 - 0x00007ff9e0174000 	C:\Users\Akku\.jsfml\windows_x64\sfml-window-2.dll
0x00007ff9ea530000 - 0x00007ff9ea640000 	C:\WINDOWS\SYSTEM32\OPENGL32.dll
0x00007ff9ed150000 - 0x00007ff9ed17d000 	C:\WINDOWS\SYSTEM32\GLU32.dll
0x00007ff9fff10000 - 0x00007ff9fff54000 	C:\WINDOWS\SYSTEM32\dxcore.dll
0x00007ff9d7250000 - 0x00007ff9d7263000 	C:\Users\Akku\.jsfml\windows_x64\sfml-audio-2.dll
0x00007ff990120000 - 0x00007ff990209000 	C:\Users\Akku\.jsfml\windows_x64\sfml-graphics-2.dll
0x00007ff9c8570000 - 0x00007ff9c85a5000 	C:\Users\Akku\.jsfml\windows_x64\jsfml.dll
0x00007ff9ff850000 - 0x00007ff9ff8fb000 	C:\WINDOWS\system32\uxtheme.dll
0x00007ffa05ec0000 - 0x00007ffa0601e000 	C:\WINDOWS\System32\MSCTF.dll
0x00007ff9f9f80000 - 0x00007ff9f9fe3000 	C:\WINDOWS\SYSTEM32\directxdatabasehelper.dll
0x00007ff9ee410000 - 0x00007ff9ee42a000 	C:\WINDOWS\SYSTEM32\windows.staterepositorycore.dll
0x00007ff968570000 - 0x00007ff9699dc000 	C:\WINDOWS\System32\DriverStore\FileRepository\iigd_dch.inf_amd64_88f91b9ed6c544bf\igxelpicd64.dll
0x00007ff9fff60000 - 0x00007ffa0009b000 	C:\WINDOWS\SYSTEM32\dxgi.dll
0x00007ff9ec8c0000 - 0x00007ff9ec8e3000 	C:\WINDOWS\SYSTEM32\d3d12.dll
0x00007ffa000c0000 - 0x00007ffa000f0000 	C:\WINDOWS\system32\dwmapi.dll
0x00007ff978d80000 - 0x00007ff978f21000 	C:\WINDOWS\System32\DriverStore\FileRepository\iigd_dch.inf_amd64_88f91b9ed6c544bf\igdml64.dll
0x00007ffa03040000 - 0x00007ffa03097000 	C:\WINDOWS\SYSTEM32\cfgmgr32.dll
0x00007ff9f6e90000 - 0x00007ff9f743b000 	C:\WINDOWS\System32\DriverStore\FileRepository\iigd_dch.inf_amd64_88f91b9ed6c544bf\igdgmm64.dll
0x00007ff9f17f0000 - 0x00007ff9f6aa4000 	C:\WINDOWS\System32\DriverStore\FileRepository\iigd_dch.inf_amd64_88f91b9ed6c544bf\igc64.dll
0x00007ff979100000 - 0x00007ff979283000 	C:\Users\Akku\.jdks\openjdk-25.0.2\bin\awt.dll
0x00007ff9ffcc0000 - 0x00007ff9ffd5f000 	C:\WINDOWS\SYSTEM32\apphelp.dll
0x00007ffa009e0000 - 0x00007ffa009f2000 	C:\WINDOWS\System32\perfproc.dll
0x00007ff9eeb40000 - 0x00007ff9eeb51000 	C:\WINDOWS\System32\perfos.dll
0x00007ffa01900000 - 0x00007ffa01912000 	C:\WINDOWS\SYSTEM32\pfclient.dll

JVMTI agents:
C:\Program Files\JetBrains\IntelliJ IDEA 2025.3.2\lib\idea_rt.jar path:C:\Users\Akku\.jdks\openjdk-25.0.2\bin\instrument.dll, loaded, initialized, instrumentlib options:54741

dbghelp: loaded successfully - version: 4.0.5 - missing functions: none
symbol engine: initialized successfully - sym options: 0x614 - pdb path: .;C:\Users\Akku\.jdks\openjdk-25.0.2\bin;C:\WINDOWS\SYSTEM32;C:\WINDOWS\WinSxS\amd64_microsoft.windows.common-controls_6595b64144ccf1df_6.0.26100.7309_none_3e05feeae336a044;C:\Users\Akku\.jdks\openjdk-25.0.2\bin\server;C:\Users\Akku\.jsfml\windows_x64;C:\WINDOWS\System32\DriverStore\FileRepository\iigd_dch.inf_amd64_88f91b9ed6c544bf

VM Arguments:
jvm_args: -javaagent:C:\Program Files\JetBrains\IntelliJ IDEA 2025.3.2\lib\idea_rt.jar=54741 -Dfile.encoding=UTF-8 -Dsun.stdout.encoding=UTF-8 -Dsun.stderr.encoding=UTF-8 
java_command: main.Main
java_class_path (initial): C:\Users\Akku\Documents\TheGamePOC\out\production\TheGamePOC;C:\Users\Akku\Documents\TheGamePOC\jsfml.jar
Launcher Type: SUN_STANDARD

[Global flags]
     intx CICompilerCount                          = 4                                         {product} {ergonomic}
     uint ConcGCThreads                            = 2                                         {product} {ergonomic}
     uint G1ConcRefinementThreads                  = 8                                         {product} {ergonomic}
   size_t G1HeapRegionSize                         = 2097152                                   {product} {ergonomic}
   size_t InitialHeapSize                          = 264241152                                 {product} {ergonomic}
   size_t MarkStackSize                            = 4194304                                   {product} {ergonomic}
   size_t MarkStackSizeMax                         = 536870912                                 {product} {ergonomic}
   size_t MaxHeapSize                              = 4204789760                                {product} {ergonomic}
   size_t MaxNewSize                               = 2522873856                                {product} {ergonomic}
   size_t MinHeapDeltaBytes                        = 2097152                                   {product} {ergonomic}
   size_t MinHeapSize                              = 8388608                                   {product} {ergonomic}
    uintx NonNMethodCodeHeapSize                   = 5832704                                {pd product} {ergonomic}
    uintx NonProfiledCodeHeapSize                  = 122945536                              {pd product} {ergonomic}
    uintx ProfiledCodeHeapSize                     = 122880000                              {pd product} {ergonomic}
    uintx ReservedCodeCacheSize                    = 251658240                              {pd product} {ergonomic}
     bool SegmentedCodeCache                       = true                                      {product} {ergonomic}
   size_t SoftMaxHeapSize                          = 4204789760                             {manageable} {ergonomic}
     bool UseCompressedOops                        = true                           {product lp64_product} {ergonomic}
     bool UseG1GC                                  = true                                      {product} {ergonomic}
     bool UseLargePagesIndividualAllocation        = false                                  {pd product} {ergonomic}

Logging:
Log output configuration:
 #0: stdout all=warning uptime,level,tags foldmultilines=false
 #1: stderr all=off uptime,level,tags foldmultilines=false

Release file:
IMPLEMENTOR="Oracle Corporation" 
JAVA_RUNTIME_VERSION="25.0.2+10-69" 
JAVA_VERSION="25.0.2" 
JAVA_VERSION_DATE="2026-01-20" 
LIBC="default" 
MODULES="java.base java.compiler java.datatransfer java.xml java.prefs java.desktop java.instrument java.logging java.management java.security.sasl java.naming java.rmi java.management.rmi java.net.http java.scripting java.security.jgss java.transaction.xa java.sql java.sql.rowset java.xml.crypto java.se java.smartcardio jdk.accessibility jdk.internal.jvmstat jdk.attach jdk.charsets jdk.internal.opt jdk.zipfs jdk.compiler jdk.crypto.cryptoki jdk.crypto.ec jdk.crypto.mscapi jdk.dynalink jdk.internal.ed jdk.editpad jdk.internal.vm.ci jdk.graal.compiler jdk.graal.compiler.management jdk.hotspot.agent jdk.httpserver jdk.incubator.vector jdk.internal.le jdk.internal.md jdk.jartool jdk.javadoc jdk.jcmd jdk.management jdk.management.agent jdk.jconsole jdk.jdeps jdk.jdwp.agent jdk.jdi jdk.jfr jdk.jlink jdk.jpackage jdk.jshell jdk.jsobject jdk.jstatd jdk.localedata jdk.management.jfr jdk.naming.dns jdk.naming.rmi jdk.net jdk.nio.mapmode jdk.sctp jdk.security.auth jdk.security.jgss jdk.unsupported jdk.unsupported.desktop jdk.xml.dom" 
OS_ARCH="x86_64" 
OS_NAME="Windows" 
SOURCE=".:git:405a5699ebd0" 

Environment Variables:
PATH=C:\WINDOWS\system32;C:\WINDOWS;C:\WINDOWS\System32\Wbem;C:\WINDOWS\System32\WindowsPowerShell\v1.0\;C:\WINDOWS\System32\OpenSSH\;C:\Program Files (x86)\Windows Kits\10\Windows Performance Toolkit\;C:\Users\Akku\AppData\Local\Microsoft\WindowsApps;C:\Users\Akku\AppData\Local\Programs\Microsoft VS Code\bin;C:\Program Files\JetBrains\IntelliJ IDEA 2025.3.2\bin
USERNAME=Akku
OS=Windows_NT
PROCESSOR_IDENTIFIER=Intel64 Family 6 Model 140 Stepping 1, GenuineIntel
TMP=C:\Users\Akku\AppData\Local\Temp
TEMP=C:\Users\Akku\AppData\Local\Temp




Compilation memory statistics disabled.

Periodic native trim disabled

---------------  S Y S T E M  ---------------

OS:
 Windows 11 , 64 bit Build 26100 (10.0.26100.7309)
OS uptime: 8 days 23:34 hours
Hyper-V role detected

CPU: total 8 (initial active 8) (4 cores per cpu, 2 threads per core) family 6 model 140 stepping 1 microcode 0xa4, cx8, cmov, fxsr, ht, mmx, 3dnowpref, sse, sse2, sse3, ssse3, sse4.1, sse4.2, popcnt, lzcnt, tsc, tscinvbit, avx, avx2, aes, erms, clmul, bmi1, bmi2, adx, avx512f, avx512dq, avx512cd, avx512bw, avx512vl, sha, fma, vzeroupper, avx512_vpopcntdq, avx512_vpclmulqdq, avx512_vaes, avx512_vnni, clflush, clflushopt, clwb, avx512_vbmi2, avx512_vbmi, hv, rdtscp, rdpid, fsrm, gfni, avx512_bitalg, f16c, cet_ibt, cet_ss, avx512_ifma
Processor Information for the first 8 processors :
  Max Mhz: 2419, Current Mhz: 907, Mhz Limit: 895

Memory: 4k page, gameSystem-wide physical 16039M (5096M free)
TotalPageFile size 17063M (AvailPageFile size 5721M)
current process WorkingSet (physical memory assigned to process): 137M, peak: 139M
current process commit charge ("private bytes"): 403M, peak: 406M

vm_info: OpenJDK 64-Bit Server VM (25.0.2+10-69) for windows-amd64 JRE (25.0.2+10-69), built on 2025-12-18T11:36:35Z with MS VC++ 17.13 (VS2022)

END.
